1490799357856	geckodriver	INFO	Listening on 127.0.0.1:50196
1490799359920	mozprofile::profile	INFO	Using profile path C:\Users\Boris\AppData\Local\Temp\rust_mozprofile.PiPvGyBeiqUr
1490799359923	geckodriver::marionette	INFO	Starting browser C:\Program Files (x86)\Mozilla Firefox\firefox.exe
1490799359934	geckodriver::marionette	INFO	Connecting to Marionette on localhost:50202
1490799360930	Marionette	INFO	Listening on port 50202
1490799361197	Marionette	WARN	TLS certificate errors will be ignored for this session
1490799555674	geckodriver	INFO	Listening on 127.0.0.1:50314
1490799557707	mozprofile::profile	INFO	Using profile path C:\Users\Boris\AppData\Local\Temp\rust_mozprofile.pQZ2ASU7KUx2
1490799557710	geckodriver::marionette	INFO	Starting browser C:\Program Files (x86)\Mozilla Firefox\firefox.exe
1490799557717	geckodriver::marionette	INFO	Connecting to Marionette on localhost:50320
1490799558465	Marionette	INFO	Listening on port 50320
1490799558755	Marionette	WARN	TLS certificate errors will be ignored for this session
*************************
A coding exception was thrown and uncaught in a Task.

Full message: TypeError: NetworkError when attempting to fetch resource.
Full stack: 
*************************
1491835724599	geckodriver	INFO	Listening on 127.0.0.1:4984
1491835726658	mozprofile::profile	INFO	Using profile path C:\Users\Boris\AppData\Local\Temp\rust_mozprofile.1FIKj8xubZ34
1491835726658	geckodriver::marionette	INFO	Starting browser C:\Program Files (x86)\Mozilla Firefox\firefox.exe
1491835726673	geckodriver::marionette	INFO	Connecting to Marionette on localhost:4990
1491835727307	Marionette	INFO	Listening on port 4990
1491835727737	Marionette	WARN	TLS certificate errors will be ignored for this session
[Child 5608] WARNING: pipe error: 109: file c:/builds/moz2_slave/m-rel-w32-00000000000000000000/build/src/ipc/chromium/src/chrome/common/ipc_channel_win.cc, line 345
[Child 5608] WARNING: pipe error: 109: file c:/builds/moz2_slave/m-rel-w32-00000000000000000000/build/src/ipc/chromium/src/chrome/common/ipc_channel_win.cc, line 345
1491835786329	geckodriver	INFO	Listening on 127.0.0.1:5312
1491835788404	mozprofile::profile	INFO	Using profile path C:\Users\Boris\AppData\Local\Temp\rust_mozprofile.MNckFUPBKwOT
1491835788404	geckodriver::marionette	INFO	Starting browser C:\Program Files (x86)\Mozilla Firefox\firefox.exe
1491835788404	geckodriver::marionette	INFO	Connecting to Marionette on localhost:5337
1491835789136	Marionette	INFO	Listening on port 5337
1491835789442	Marionette	WARN	TLS certificate errors will be ignored for this session
[Child 11892] WARNING: pipe error: 109: file c:/builds/moz2_slave/m-rel-w32-00000000000000000000/build/src/ipc/chromium/src/chrome/common/ipc_channel_win.cc, line 345
[Child 11892] WARNING: pipe error: 109: file c:/builds/moz2_slave/m-rel-w32-00000000000000000000/build/src/ipc/chromium/src/chrome/common/ipc_channel_win.cc, line 345
1491836719262	geckodriver	INFO	Listening on 127.0.0.1:8970
1491836721340	mozprofile::profile	INFO	Using profile path C:\Users\Boris\AppData\Local\Temp\rust_mozprofile.KiznFHy8hiqo
1491836721344	geckodriver::marionette	INFO	Starting browser C:\Program Files (x86)\Mozilla Firefox\firefox.exe
1491836721351	geckodriver::marionette	INFO	Connecting to Marionette on localhost:8984
1491836722287	Marionette	INFO	Listening on port 8984
1491836722579	Marionette	WARN	TLS certificate errors will be ignored for this session
[Child 3124] WARNING: pipe error: 109: file c:/builds/moz2_slave/m-rel-w32-00000000000000000000/build/src/ipc/chromium/src/chrome/common/ipc_channel_win.cc, line 345
1493063143425	geckodriver	INFO	Listening on 127.0.0.1:64969
1493063145488	mozprofile::profile	INFO	Using profile path C:\Users\Boris\AppData\Local\Temp\rust_mozprofile.mrNOMCiKrWbt
1493063145491	geckodriver::marionette	INFO	Starting browser C:\Program Files (x86)\Mozilla Firefox\firefox.exe
1493063145512	geckodriver::marionette	INFO	Connecting to Marionette on localhost:64975
1493063146369	Marionette	INFO	Listening on port 64975
1493063146630	Marionette	WARN	TLS certificate errors will be ignored for this session
[Child 4264] WARNING: pipe error: 109: file c:/builds/moz2_slave/m-rel-w32-00000000000000000000/build/src/ipc/chromium/src/chrome/common/ipc_channel_win.cc, line 345
[Child 4264] WARNING: pipe error: 109: file c:/builds/moz2_slave/m-rel-w32-00000000000000000000/build/src/ipc/chromium/src/chrome/common/ipc_channel_win.cc, line 345
1494955111773	geckodriver	INFO	Listening on 127.0.0.1:63158
1494955113818	geckodriver::marionette	INFO	Starting browser \\?\C:\Program Files (x86)\Mozilla Firefox\firefox.exe with args ["-marionette"]
1494955114137	addons.manager	ERROR	startup failed: [Exception... "Component returned failure code: 0x80070057 (NS_ERROR_ILLEGAL_VALUE) [nsIFile.create]"  nsresult: "0x80070057 (NS_ERROR_ILLEGAL_VALUE)"  location: "JS frame :: resource://gre/modules/FileUtils.jsm :: FileUtils_getDir :: line 70"  data: no] Stack trace: FileUtils_getDir()@resource://gre/modules/FileUtils.jsm:70 < FileUtils_getFile()@resource://gre/modules/FileUtils.jsm:42 < AddonManagerInternal.validateBlocklist()@resource://gre/modules/AddonManager.jsm:700 < AddonManagerInternal.startup()@resource://gre/modules/AddonManager.jsm:870 < this.AddonManagerPrivate.startup()@resource://gre/modules/AddonManager.jsm:3033 < amManager.prototype.observe()@resource://gre/components/addonManager.js:65
JavaScript error: resource://gre/modules/AddonManager.jsm, line 1677: NS_ERROR_NOT_INITIALIZED: AddonManager is not initialized
1494955114521	Marionette	INFO	Listening on port 63164
JavaScript error: resource://gre/modules/AddonManager.jsm, line 2585: NS_ERROR_NOT_INITIALIZED: AddonManager is not initialized
JavaScript error: resource://gre/modules/FileUtils.jsm, line 70: NS_ERROR_ILLEGAL_VALUE: Component returned failure code: 0x80070057 (NS_ERROR_ILLEGAL_VALUE) [nsIFile.create]
